# JRE version: Java(TM) SE Runtime Environment (8.0_111-b14) (build 1.8.0_111-b14)
# Java VM: Java HotSpot(TM) 64-Bit Server VM (25.111-b14 mixed mode windows-amd64 compressed oops)
Heap:
 PSYoungGen      total 138240K, used 111115K [0x00000000d5d00000, 0x00000000de900000, 0x0000000100000000)
  eden space 133120K, 83% used [0x00000000d5d00000,0x00000000dc982d30,0x00000000ddf00000)
  from space 5120K, 0% used [0x00000000ddf00000,0x00000000ddf00000,0x00000000de400000)
  to   space 5120K, 0% used [0x00000000de400000,0x00000000de400000,0x00000000de900000)
 ParOldGen       total 162816K, used 161207K [0x0000000081600000, 0x000000008b500000, 0x00000000d5d00000)
  object space 162816K, 99% used [0x0000000081600000,0x000000008b36dda8,0x000000008b500000)
 Metaspace       used 11067K, capacity 11316K, committed 11520K, reserved 1058816K
  class space    used 1318K, capacity 1421K, committed 1536K, reserved 1048576K
GC Heap History (10 events):
Event: 7.822 GC heap before
{Heap before GC invocations=6 (full 1):
 PSYoungGen      total 138240K, used 5118K [0x00000000d5d00000, 0x00000000de900000, 0x0000000100000000)
  eden space 133120K, 0% used [0x00000000d5d00000,0x00000000d5d00000,0x00000000ddf00000)
  from space 5120K, 99% used [0x00000000ddf00000,0x00000000de3ff828,0x00000000de400000)
  to   space 5120K, 0% used [0x00000000de400000,0x00000000de400000,0x00000000de900000)
 ParOldGen       total 87552K, used 68438K [0x0000000081600000, 0x0000000086b80000, 0x00000000d5d00000)
  object space 87552K, 78% used [0x0000000081600000,0x00000000858d5b30,0x0000000086b80000)
 Metaspace       used 11067K, capacity 11316K, committed 11520K, reserved 1058816K
  class space    used 1318K, capacity 1421K, committed 1536K, reserved 1048576K
Event: 9.752 GC heap after
Heap after GC invocations=6 (full 1):
 PSYoungGen      total 138240K, used 0K [0x00000000d5d00000, 0x00000000de900000, 0x0000000100000000)
  eden space 133120K, 0% used [0x00000000d5d00000,0x00000000d5d00000,0x00000000ddf00000)
  from space 5120K, 0% used [0x00000000ddf00000,0x00000000ddf00000,0x00000000de400000)
  to   space 5120K, 0% used [0x00000000de400000,0x00000000de400000,0x00000000de900000)
 ParOldGen       total 162816K, used 73074K [0x0000000081600000, 0x000000008b500000, 0x00000000d5d00000)
  object space 162816K, 44% used [0x0000000081600000,0x0000000085d5cb70,0x000000008b500000)
 Metaspace       used 11067K, capacity 11316K, committed 11520K, reserved 1058816K
  class space    used 1318K, capacity 1421K, committed 1536K, reserved 1048576K
}
Event: 11.613 GC heap before
{Heap before GC invocations=7 (full 1):
 PSYoungGen      total 138240K, used 133120K [0x00000000d5d00000, 0x00000000de900000, 0x0000000100000000)
  eden space 133120K, 100% used [0x00000000d5d00000,0x00000000ddf00000,0x00000000ddf00000)
  from space 5120K, 0% used [0x00000000ddf00000,0x00000000ddf00000,0x00000000de400000)
  to   space 5120K, 0% used [0x00000000de400000,0x00000000de400000,0x00000000de900000)
 ParOldGen       total 162816K, used 73074K [0x0000000081600000, 0x000000008b500000, 0x00000000d5d00000)
  object space 162816K, 44% used [0x0000000081600000,0x0000000085d5cb70,0x000000008b500000)
 Metaspace       used 11067K, capacity 11316K, committed 11520K, reserved 1058816K
  class space    used 1318K, capacity 1421K, committed 1536K, reserved 1048576K
Event: 11.814 GC heap after
Heap after GC invocations=7 (full 1):
 PSYoungGen      total 138240K, used 5120K [0x00000000d5d00000, 0x00000000de900000, 0x0000000100000000)
  eden space 133120K, 0% used [0x00000000d5d00000,0x00000000d5d00000,0x00000000ddf00000)
  from space 5120K, 100% used [0x00000000de400000,0x00000000de900000,0x00000000de900000)
  to   space 5120K, 0% used [0x00000000ddf00000,0x00000000ddf00000,0x00000000de400000)
 ParOldGen       total 162816K, used 97386K [0x0000000081600000, 0x000000008b500000, 0x00000000d5d00000)
  object space 162816K, 59% used [0x0000000081600000,0x000000008751ab70,0x000000008b500000)
 Metaspace       used 11067K, capacity 11316K, committed 11520K, reserved 1058816K
  class space    used 1318K, capacity 1421K, committed 1536K, reserved 1048576K
}
Event: 13.635 GC heap before
{Heap before GC invocations=8 (full 1):
 PSYoungGen      total 138240K, used 138240K [0x00000000d5d00000, 0x00000000de900000, 0x0000000100000000)
  eden space 133120K, 100% used [0x00000000d5d00000,0x00000000ddf00000,0x00000000ddf00000)
  from space 5120K, 100% used [0x00000000de400000,0x00000000de900000,0x00000000de900000)
  to   space 5120K, 0% used [0x00000000ddf00000,0x00000000ddf00000,0x00000000de400000)
 ParOldGen       total 162816K, used 97386K [0x0000000081600000, 0x000000008b500000, 0x00000000d5d00000)
  object space 162816K, 59% used [0x0000000081600000,0x000000008751ab70,0x000000008b500000)
 Metaspace       used 11067K, capacity 11316K, committed 11520K, reserved 1058816K
  class space    used 1318K, capacity 1421K, committed 1536K, reserved 1048576K
Event: 13.839 GC heap after
Heap after GC invocations=8 (full 1):
 PSYoungGen      total 138240K, used 5120K [0x00000000d5d00000, 0x00000000de900000, 0x0000000100000000)
  eden space 133120K, 0% used [0x00000000d5d00000,0x00000000d5d00000,0x00000000ddf00000)
  from space 5120K, 100% used [0x00000000ddf00000,0x00000000de400000,0x00000000de400000)
  to   space 5120K, 0% used [0x00000000de400000,0x00000000de400000,0x00000000de900000)
 ParOldGen       total 162816K, used 126938K [0x0000000081600000, 0x000000008b500000, 0x00000000d5d00000)
  object space 162816K, 77% used [0x0000000081600000,0x00000000891f6b70,0x000000008b500000)
 Metaspace       used 11067K, capacity 11316K, committed 11520K, reserved 1058816K
  class space    used 1318K, capacity 1421K, committed 1536K, reserved 1048576K
}
Event: 13.839 GC heap before
{Heap before GC invocations=9 (full 2):
 PSYoungGen      total 138240K, used 5120K [0x00000000d5d00000, 0x00000000de900000, 0x0000000100000000)
  eden space 133120K, 0% used [0x00000000d5d00000,0x00000000d5d00000,0x00000000ddf00000)
  from space 5120K, 100% used [0x00000000ddf00000,0x00000000de400000,0x00000000de400000)
  to   space 5120K, 0% used [0x00000000de400000,0x00000000de400000,0x00000000de900000)
 ParOldGen       total 162816K, used 126938K [0x0000000081600000, 0x000000008b500000, 0x00000000d5d00000)
  object space 162816K, 77% used [0x0000000081600000,0x00000000891f6b70,0x000000008b500000)
 Metaspace       used 11067K, capacity 11316K, committed 11520K, reserved 1058816K
  class space    used 1318K, capacity 1421K, committed 1536K, reserved 1048576K
Event: 15.463 GC heap after
Heap after GC invocations=9 (full 2):
 PSYoungGen      total 138240K, used 0K [0x00000000d5d00000, 0x00000000de900000, 0x0000000100000000)
  eden space 133120K, 0% used [0x00000000d5d00000,0x00000000d5d00000,0x00000000ddf00000)
  from space 5120K, 0% used [0x00000000ddf00000,0x00000000ddf00000,0x00000000de400000)
  to   space 5120K, 0% used [0x00000000de400000,0x00000000de400000,0x00000000de900000)
 ParOldGen       total 162816K, used 131750K [0x0000000081600000, 0x000000008b500000, 0x00000000d5d00000)
  object space 162816K, 80% used [0x0000000081600000,0x00000000896a9bc0,0x000000008b500000)
 Metaspace       used 11067K, capacity 11316K, committed 11520K, reserved 1058816K
  class space    used 1318K, capacity 1421K, committed 1536K, reserved 1048576K
}
Event: 17.300 GC heap before
{Heap before GC invocations=10 (full 3):
 PSYoungGen      total 138240K, used 133120K [0x00000000d5d00000, 0x00000000de900000, 0x0000000100000000)
  eden space 133120K, 100% used [0x00000000d5d00000,0x00000000ddf00000,0x00000000ddf00000)
  from space 5120K, 0% used [0x00000000ddf00000,0x00000000ddf00000,0x00000000de400000)
  to   space 5120K, 0% used [0x00000000de400000,0x00000000de400000,0x00000000de900000)
 ParOldGen       total 162816K, used 131750K [0x0000000081600000, 0x000000008b500000, 0x00000000d5d00000)
  object space 162816K, 80% used [0x0000000081600000,0x00000000896a9bc0,0x000000008b500000)
 Metaspace       used 11067K, capacity 11316K, committed 11520K, reserved 1058816K
  class space    used 1318K, capacity 1421K, committed 1536K, reserved 1048576K
Event: 18.386 GC heap after
Heap after GC invocations=10 (full 3):
 PSYoungGen      total 138240K, used 0K [0x00000000d5d00000, 0x00000000de900000, 0x0000000100000000)
  eden space 133120K, 0% used [0x00000000d5d00000,0x00000000d5d00000,0x00000000ddf00000)
  from space 5120K, 0% used [0x00000000ddf00000,0x00000000ddf00000,0x00000000de400000)
  to   space 5120K, 0% used [0x00000000de400000,0x00000000de400000,0x00000000de900000)
 ParOldGen       total 162816K, used 161207K [0x0000000081600000, 0x000000008b500000, 0x00000000d5d00000)
  object space 162816K, 99% used [0x0000000081600000,0x000000008b36dda8,0x000000008b500000)
 Metaspace       used 11067K, capacity 11316K, committed 11520K, reserved 1058816K
  class space    used 1318K, capacity 1421K, committed 1536K, reserved 1048576K
}

